[18-Dec-2023 00:09:57 UTC] PHP Fatal error:  Array and string offset access syntax with curly braces is no longer supported in /Users/kevin/Local Sites/planty/app/public/wp-content/themes/tm-beans/lib/api/compiler/vendors/lessc.php on line 719
[18-Dec-2023 00:10:06 UTC] PHP Fatal error:  Array and string offset access syntax with curly braces is no longer supported in /Users/kevin/Local Sites/planty/app/public/wp-content/themes/tm-beans/lib/api/compiler/vendors/lessc.php on line 719
[21-Dec-2023 12:15:15 UTC] Sync process for Gutenberg Blocks has started.
[21-Dec-2023 12:15:15 UTC] CATEGORY:Importing categories..
[21-Dec-2023 12:15:15 UTC] CATEGORY:Storing in option ast-block-templates-categories
[21-Dec-2023 12:15:15 UTC] CATEGORY:Completed category import.
[21-Dec-2023 12:15:15 UTC] BLOCK: Getting Total Blocks
[21-Dec-2023 12:15:15 UTC] BLOCK: https://websitedemos.net/wp-json/astra-blocks/v1/get-blocks-count/?page_builder=gutenberg&wireframe=yes
[21-Dec-2023 12:15:15 UTC] BLOCK: Requests count 4
[21-Dec-2023 12:15:15 UTC] BLOCK: Importing request 1 ..
[21-Dec-2023 12:15:15 UTC] BLOCK: https://websitedemos.net/wp-json/astra-blocks/v1/blocks/?page_builder=gutenberg&per_page=100&page=1&wireframe=yes
[21-Dec-2023 12:15:15 UTC] BLOCK: Storing in option ast-block-templates-blocks-1
[21-Dec-2023 12:15:15 UTC] BLOCK: Completed request 1
[21-Dec-2023 12:15:15 UTC] BLOCK: Importing request 2 ..
[21-Dec-2023 12:15:15 UTC] BLOCK: https://websitedemos.net/wp-json/astra-blocks/v1/blocks/?page_builder=gutenberg&per_page=100&page=2&wireframe=yes
[21-Dec-2023 12:15:15 UTC] BLOCK: Storing in option ast-block-templates-blocks-2
[21-Dec-2023 12:15:15 UTC] BLOCK: Completed request 2
[21-Dec-2023 12:15:15 UTC] BLOCK: Importing request 3 ..
[21-Dec-2023 12:15:15 UTC] BLOCK: https://websitedemos.net/wp-json/astra-blocks/v1/blocks/?page_builder=gutenberg&per_page=100&page=3&wireframe=yes
[21-Dec-2023 12:15:15 UTC] BLOCK: Storing in option ast-block-templates-blocks-3
[21-Dec-2023 12:15:15 UTC] BLOCK: Completed request 3
[21-Dec-2023 12:15:15 UTC] BLOCK: Importing request 4 ..
[21-Dec-2023 12:15:15 UTC] BLOCK: https://websitedemos.net/wp-json/astra-blocks/v1/blocks/?page_builder=gutenberg&per_page=100&page=4&wireframe=yes
[21-Dec-2023 12:15:15 UTC] BLOCK: Storing in option ast-block-templates-blocks-4
[21-Dec-2023 12:15:15 UTC] BLOCK: Completed request 4
[21-Dec-2023 12:15:15 UTC] SITE: Getting Total Sites
[21-Dec-2023 12:15:15 UTC] SITE: https://websitedemos.net/wp-json/astra-sites/v1/get-total-pages/?page_builder=gutenberg
[21-Dec-2023 12:15:15 UTC] SITE: Request count 2
[21-Dec-2023 12:15:15 UTC] SITE: Importing request 1 ..
[21-Dec-2023 12:15:15 UTC] SITE: https://websitedemos.net/wp-json/astra-sites/v1/sites-and-pages/?per_page=100&page=1&page-builder=gutenberg
[21-Dec-2023 12:15:15 UTC] SITE: Storing in option ast-block-templates-sites-1
[21-Dec-2023 12:15:15 UTC] SITE: Completed request 1
[21-Dec-2023 12:15:15 UTC] SITE: Importing request 2 ..
[21-Dec-2023 12:15:15 UTC] SITE: https://websitedemos.net/wp-json/astra-sites/v1/sites-and-pages/?per_page=100&page=2&page-builder=gutenberg
[21-Dec-2023 12:15:16 UTC] SITE: Storing in option ast-block-templates-sites-2
[21-Dec-2023 12:15:16 UTC] SITE: Completed request 2
[21-Dec-2023 12:15:16 UTC] Sync process for Gutenberg Blocks is done.
[21-Dec-2023 12:16:50 UTC] PHP Warning:  Undefined variable $qsid in /Users/kevin/Local Sites/planty/app/public/wp-content/plugins/child-theme-configurator/includes/classes/CSS.php on line 958
[21-Dec-2023 12:16:50 UTC] PHP Warning:  Undefined variable $qsid in /Users/kevin/Local Sites/planty/app/public/wp-content/plugins/child-theme-configurator/includes/classes/CSS.php on line 960
[21-Dec-2023 12:16:50 UTC] PHP Warning:  Undefined variable $qsid in /Users/kevin/Local Sites/planty/app/public/wp-content/plugins/child-theme-configurator/includes/classes/CSS.php on line 967
[21-Dec-2023 12:16:50 UTC] PHP Warning:  Undefined variable $qsid in /Users/kevin/Local Sites/planty/app/public/wp-content/plugins/child-theme-configurator/includes/classes/CSS.php on line 968
[21-Dec-2023 12:16:50 UTC] PHP Warning:  Undefined variable $qsid in /Users/kevin/Local Sites/planty/app/public/wp-content/plugins/child-theme-configurator/includes/classes/CSS.php on line 971
[26-Dec-2023 15:20:51 UTC] Erreur d’événement de replanification de tâche pour le crochet action_scheduler_run_queue. Code d’erreur : invalid_schedule. Message d’erreur : L’évènement planifié n’existe pas.. Données : {"schedule":"every_minute","args":["WP Cron"],"interval":60}
